============================= test session starts ==============================
platform linux -- Python 3.12.12, pytest-9.0.2, pluggy-1.6.0
PyQt6 6.10.2 -- Qt runtime 6.10.2 -- Qt compiled 6.10.0
benchmark: 5.2.3 (defaults: timer=time.perf_counter disable_gc=False min_rounds=5 min_time=0.000005 max_time=1.0 calibration_precision=10 warmup=False warmup_iterations=100000)
rootdir: /app
configfile: pyproject.toml
plugins: cov-7.0.0, qt-4.5.0, benchmark-5.2.3
collected 19 items

py_rme_canary/tests/unit/vis_layer/ui/test_widgets.py ..............F... [ 94%]
.                                                                        [100%]

=================================== FAILURES ===================================
___________________ TestBrushToolbar.test_brush_size_change ____________________

self = <unit.vis_layer.ui.test_widgets.TestBrushToolbar object at 0x7fe6cc989c40>
app = <PyQt6.QtWidgets.QApplication object at 0x7fe6cba82670>

    def test_brush_size_change(self, app):
        """Test changing brush size."""
>       from PyQt6.QtCore import QSignalSpy
E       ImportError: cannot import name 'QSignalSpy' from 'PyQt6.QtCore' (/home/jules/.pyenv/versions/3.12.12/lib/python3.12/site-packages/PyQt6/QtCore.abi3.so)

py_rme_canary/tests/unit/vis_layer/ui/test_widgets.py:197: ImportError
=========================== short test summary info ============================
FAILED py_rme_canary/tests/unit/vis_layer/ui/test_widgets.py::TestBrushToolbar::test_brush_size_change
========================= 1 failed, 18 passed in 0.36s =========================
